C51 COMPILER V9.02   MAIN                                                                  09/22/2013 14:53:33 PAGE 1   


C51 COMPILER V9.02, COMPILATION OF MODULE MAIN
OBJECT MODULE PLACED IN main.OBJ
COMPILER INVOKED BY: C:\Keil\C51\BIN\C51.EXE main.c BROWSE DEBUG OBJECTEXTEND

line level    source

   1          #include "ADuC847.h"
   2          #include "init.h"
   3          #include "ctimer.h"
   4          
   5          int cnt = 0;
   6          
   7          void main()
   8          {
   9   1          init();               // microcontroller initialisation
  10   1          initTimer0 ( 2000 ); // One-Task scheduler; a TICK every 40000*50 micro-seconds
  11   1          enableTimer0();       // activate timer
  12   1          for( ;; ) {           // superloop
  13   2      
  14   2          }
  15   1      }
  16          
  17          void T0_overflow(void)
  18          {
  19   1              if(P0 == 0)
  20   1                      P0 = 1;
  21   1              else if ( P0 < 128)
  22   1                      P0 <<= 1;
  23   1              else
  24   1                      P0 = 1;
  25   1      }
  26          


MODULE INFORMATION:   STATIC OVERLAYABLE
   CODE SIZE        =     39    ----
   CONSTANT SIZE    =   ----    ----
   XDATA SIZE       =   ----    ----
   PDATA SIZE       =   ----    ----
   DATA SIZE        =      2    ----
   IDATA SIZE       =   ----    ----
   BIT SIZE         =   ----    ----
END OF MODULE INFORMATION.


C51 COMPILATION COMPLETE.  0 WARNING(S),  0 ERROR(S)
