C51 COMPILER V9.02   LED_FLASH                                                             09/22/2013 15:35:55 PAGE 1   


C51 COMPILER V9.02, COMPILATION OF MODULE LED_FLASH
OBJECT MODULE PLACED IN LED_flash.OBJ
COMPILER INVOKED BY: C:\Keil\C51\BIN\C51.EXE LED_flash.c BROWSE DEBUG OBJECTEXTEND

line level    source

   1          #include "main.h"
   2          #include "port.h"
   3          #include "LED_flash.h"
   4          
   5          // ------ Private variable definitions -----------------------------
   6          
   7          static bit LED5_state_G;
   8          
   9          /*------------------------------------------------------------------*-
  10          
  11            LED5_Flash_Init()
  12          
  13            - See below.
  14          
  15          -*------------------------------------------------------------------*/
  16          void LED5_Flash_Init(void)
  17          {
  18   1         LED5_state_G = 0;
  19   1      }
  20          
  21          /*------------------------------------------------------------------*-
  22          
  23            LED_Flash_Update()
  24          
  25            Flashes an LED (or pulses a buzzer, etc) on a specified port pin.
  26          
  27            Must schedule at twice the required flash rate: thus, for 1 Hz
  28            flash (on for 0.5 seconds, off for 0.5 seconds) must schedule
  29            at 2 Hz.
  30          
  31          -*------------------------------------------------------------------*/
  32          void LED5_Flash_Update(void)
  33          {
  34   1         // Change the LED from OFF to ON (or vice versa)
  35   1         if (LED5_state_G == 1) {
  36   2            LED5_state_G = 0;
  37   2            LED5_pin = 0;
  38   2         }
  39   1         else {
  40   2            LED5_state_G = 1;
  41   2            LED5_pin = 1;
  42   2         }
  43   1      }
  44          
  45          /*------------------------------------------------------------------*-
  46            ---- END OF FILE -------------------------------------------------
  47          -*------------------------------------------------------------------*/


MODULE INFORMATION:   STATIC OVERLAYABLE
   CODE SIZE        =     16    ----
   CONSTANT SIZE    =   ----    ----
   XDATA SIZE       =   ----    ----
   PDATA SIZE       =   ----    ----
   DATA SIZE        =   ----    ----
C51 COMPILER V9.02   LED_FLASH                                                             09/22/2013 15:35:55 PAGE 2   

   IDATA SIZE       =   ----    ----
   BIT SIZE         =      1    ----
END OF MODULE INFORMATION.


C51 COMPILATION COMPLETE.  0 WARNING(S),  0 ERROR(S)
